Log file created at: 2021/10/14 03:25:24
Running on machine: archtop
Binary: Built with gc go1.16.7 for linux/amd64
Log line format: [IWEF]mmdd hh:mm:ss.uuuuuu threadid file:line] msg
I1014 03:25:24.600905   33797 init.go:73] init command started
Log file created at: 2021/10/14 03:25:41
Running on machine: archtop
Binary: Built with gc go1.16.7 for linux/amd64
Log line format: [IWEF]mmdd hh:mm:ss.uuuuuu threadid file:line] msg
I1014 03:25:41.913260   33904 proxy.go:64] proxy command started
Log file created at: 2021/10/14 03:54:52
Running on machine: archtop
Binary: Built with gc go1.16.7 for linux/amd64
Log line format: [IWEF]mmdd hh:mm:ss.uuuuuu threadid file:line] msg
I1014 03:54:52.584058   40421 init.go:73] init command started
Log file created at: 2021/10/14 03:55:01
Running on machine: archtop
Binary: Built with gc go1.16.7 for linux/amd64
Log line format: [IWEF]mmdd hh:mm:ss.uuuuuu threadid file:line] msg
I1014 03:55:01.172120   40528 proxy.go:64] proxy command started
Log file created at: 2021/10/14 03:56:09
Running on machine: archtop
Binary: Built with gc go1.16.7 for linux/amd64
Log line format: [IWEF]mmdd hh:mm:ss.uuuuuu threadid file:line] msg
I1014 03:56:09.031863   40639 proxy.go:64] proxy command started
Log file created at: 2021/10/14 04:53:42
Running on machine: archtop
Binary: Built with gc go1.16.7 for linux/amd64
Log line format: [IWEF]mmdd hh:mm:ss.uuuuuu threadid file:line] msg
I1014 04:53:42.610119   47130 init.go:73] init command started
